<?xml version="1.0" encoding="UTF-8"?>
<!-- Generated by org.testng.reporters.JUnitXMLReporter -->
<testsuite ignored="3" hostname="DESKTOP-6UP9H2L" failures="0" tests="1" name="Default test(failed)" time="0.169" errors="0" timestamp="2022-11-19T12:08:13 IST">
  <testcase classname="testNgGroupingXml.Test3" name="A" time="0.025"/>
  <testcase classname="testNgGroupingXml.Test3" name="C" time="0.0">
    <ignored/>
  </testcase> <!-- C -->
  <testcase classname="testNgGroupingXml.Test3" name="B" time="0.0">
    <ignored/>
  </testcase> <!-- B -->
  <testcase classname="testNgGroupingXml.Test3" name="D" time="0.0">
    <ignored/>
  </testcase> <!-- D -->
</testsuite> <!-- Default test(failed) -->
