<?xml version="1.0" encoding="UTF-8"?>
<!-- Generated by org.testng.reporters.JUnitXMLReporter -->
<testsuite ignored="4" hostname="DESKTOP-6UP9H2L" failures="2" tests="4" name="Test(failed)(failed)" time="0.17" errors="0" timestamp="2022-11-19T12:01:50 IST">
  <testcase classname="testNgGroupingXml.Test4" name="G" time="0.028">
    <failure type="java.lang.AssertionError" message="null">
      <![CDATA[java.lang.AssertionError: null
at testNgGroupingXml.Test4.G(Test4.java:11)
at java.base/java.util.ArrayList.forEach(ArrayList.java:1541)
... Removed 29 stack frames]]>
    </failure>
  </testcase> <!-- G -->
  <testcase classname="testNgGroupingXml.Test4" name="I" time="0.002">
    <failure type="java.lang.AssertionError" message="null">
      <![CDATA[java.lang.AssertionError: null
at testNgGroupingXml.Test4.I(Test4.java:22)
at java.base/java.util.ArrayList.forEach(ArrayList.java:1541)
... Removed 29 stack frames]]>
    </failure>
  </testcase> <!-- I -->
  <testcase classname="testNgGroupingXml.Test3" name="A" time="0.01"/>
  <testcase classname="testNgGroupingXml.Test3" name="D" time="0.006"/>
  <testcase classname="testNgGroupingXml.Test3" name="C" time="0.0">
    <ignored/>
  </testcase> <!-- C -->
  <testcase classname="testNgGroupingXml.Test3" name="B" time="0.0">
    <ignored/>
  </testcase> <!-- B -->
  <testcase classname="testNgGroupingXml.Test4" name="J" time="0.0">
    <ignored/>
  </testcase> <!-- J -->
  <testcase classname="testNgGroupingXml.Test4" name="H" time="0.0">
    <ignored/>
  </testcase> <!-- H -->
</testsuite> <!-- Test(failed)(failed) -->
