<?xml version="1.0" encoding="UTF-8"?>
<!-- Generated by org.testng.reporters.JUnitXMLReporter -->
<testsuite ignored="0" hostname="DESKTOP-6UP9H2L" failures="4" tests="8" name="Test" time="0.181" errors="0" timestamp="2022-11-19T11:59:38 IST">
  <testcase classname="testNgGroupingXml.Test4" name="G" time="0.021">
    <failure type="java.lang.AssertionError" message="null">
      <![CDATA[java.lang.AssertionError: null
at testNgGroupingXml.Test4.G(Test4.java:11)
at java.base/java.util.ArrayList.forEach(ArrayList.java:1541)
... Removed 29 stack frames]]>
    </failure>
  </testcase> <!-- G -->
  <testcase classname="testNgGroupingXml.Test4" name="H" time="0.004"/>
  <testcase classname="testNgGroupingXml.Test4" name="I" time="0.002">
    <failure type="java.lang.AssertionError" message="null">
      <![CDATA[java.lang.AssertionError: null
at testNgGroupingXml.Test4.I(Test4.java:22)
at java.base/java.util.ArrayList.forEach(ArrayList.java:1541)
... Removed 29 stack frames]]>
    </failure>
  </testcase> <!-- I -->
  <testcase classname="testNgGroupingXml.Test4" name="J" time="0.011"/>
  <testcase classname="testNgGroupingXml.Test3" name="A" time="0.003">
    <failure type="java.lang.AssertionError" message="null">
      <![CDATA[java.lang.AssertionError: null
at testNgGroupingXml.Test3.A(Test3.java:12)
at java.base/java.util.ArrayList.forEach(ArrayList.java:1541)
... Removed 29 stack frames]]>
    </failure>
  </testcase> <!-- A -->
  <testcase classname="testNgGroupingXml.Test3" name="B" time="0.002"/>
  <testcase classname="testNgGroupingXml.Test3" name="C" time="0.002"/>
  <testcase classname="testNgGroupingXml.Test3" name="D" time="0.005">
    <failure type="java.lang.AssertionError" message="null">
      <![CDATA[java.lang.AssertionError: null
at testNgGroupingXml.Test3.D(Test3.java:23)
at java.base/java.util.ArrayList.forEach(ArrayList.java:1541)
... Removed 29 stack frames]]>
    </failure>
  </testcase> <!-- D -->
</testsuite> <!-- Test -->
