<?xml version="1.0" encoding="UTF-8"?>
<testng-results ignored="3" total="4" passed="1" failed="0" skipped="0">
  <reporter-output>
    <line>
      <![CDATA[A method is runing]]>
    </line>
  </reporter-output>
  <suite started-at="2022-11-19T12:08:12 IST" name="Failed suite [Default suite]" finished-at="2022-11-19T12:08:12 IST" duration-ms="169">
    <groups>
      <group name="id">
        <method signature="Test3.A()[pri:0, instance:testNgGroupingXml.Test3@37d4349f]" name="A" class="testNgGroupingXml.Test3"/>
      </group> <!-- id -->
    </groups>
    <test started-at="2022-11-19T12:08:12 IST" name="Default test(failed)" finished-at="2022-11-19T12:08:12 IST" duration-ms="169">
      <class name="testNgGroupingXml.Test3">
        <test-method signature="A()[pri:0, instance:testNgGroupingXml.Test3@37d4349f]" started-at="2022-11-19T12:08:12 IST" name="A" finished-at="2022-11-19T12:08:12 IST" duration-ms="25" status="PASS">
          <reporter-output>
            <line>
              <![CDATA[A method is runing]]>
            </line>
          </reporter-output>
        </test-method> <!-- A -->
      </class> <!-- testNgGroupingXml.Test3 -->
    </test> <!-- Default test(failed) -->
  </suite> <!-- Failed suite [Default suite] -->
</testng-results>
