<?xml version="1.0" encoding="UTF-8"?>
<!-- Generated by org.testng.reporters.JUnitXMLReporter -->
<testsuite ignored="2" hostname="DESKTOP-6UP9H2L" failures="0" tests="2" name="Test(failed)(failed)(failed)" time="0.158" errors="0" timestamp="2022-11-19T12:04:26 IST">
  <testcase classname="testNgGroupingXml.Test4" name="G" time="0.019"/>
  <testcase classname="testNgGroupingXml.Test4" name="I" time="0.013"/>
  <testcase classname="testNgGroupingXml.Test4" name="J" time="0.0">
    <ignored/>
  </testcase> <!-- J -->
  <testcase classname="testNgGroupingXml.Test4" name="H" time="0.0">
    <ignored/>
  </testcase> <!-- H -->
</testsuite> <!-- Test(failed)(failed)(failed) -->
